TN:
SF:model\Conta.js
FN:2,(anonymous_0)
FN:9,(anonymous_1)
FN:17,(anonymous_2)
FN:24,(anonymous_3)
FN:34,(anonymous_4)
FNF:5
FNH:5
FNDA:12,(anonymous_0)
FNDA:17,(anonymous_1)
FNDA:7,(anonymous_2)
FNDA:3,(anonymous_3)
FNDA:2,(anonymous_4)
DA:3,12
DA:4,12
DA:5,12
DA:6,12
DA:10,17
DA:18,7
DA:19,0
DA:21,7
DA:25,3
DA:26,0
DA:28,3
DA:29,1
DA:31,2
DA:35,2
DA:36,0
DA:38,2
DA:42,3
LF:17
LH:14
BRDA:2,0,0,0
BRDA:11,1,0,17
BRDA:11,1,1,17
BRDA:11,1,2,17
BRDA:18,2,0,0
BRDA:18,2,1,7
BRDA:25,3,0,0
BRDA:25,3,1,3
BRDA:28,4,0,1
BRDA:28,4,1,2
BRDA:35,5,0,0
BRDA:35,5,1,2
BRF:12
BRH:8
end_of_record
TN:
SF:model\ContaCorrente.js
FN:4,(anonymous_0)
FNF:1
FNH:1
FNDA:2,(anonymous_0)
DA:1,1
DA:5,2
DA:6,2
DA:7,0
DA:9,2
DA:10,2
DA:11,1
DA:13,1
DA:17,1
LF:9
LH:8
BRDA:6,0,0,0
BRDA:6,0,1,2
BRDA:10,1,0,1
BRDA:10,1,1,1
BRF:4
BRH:3
end_of_record
TN:
SF:model\ContaPoupanca.js
FNF:0
FNH:0
DA:1,1
DA:6,1
LF:2
LH:2
BRF:0
BRH:0
end_of_record
TN:
SF:model\Titular.js
FN:4,(anonymous_0)
FNF:1
FNH:1
FNDA:1,(anonymous_0)
DA:2,1
DA:6,1
DA:7,20
DA:19,1
LF:4
LH:4
BRF:0
BRH:0
end_of_record
