<?xml version="1.0" encoding="UTF-8"?>
<coverage generated="1756726199909" clover="3.2.0">
  <project timestamp="1756726199909" name="All files">
    <metrics statements="32" coveredstatements="28" conditionals="16" coveredconditionals="11" methods="7" coveredmethods="7" elements="55" coveredelements="46" complexity="0" loc="32" ncloc="32" packages="1" files="4" classes="4"/>
    <file name="Conta.js" path="C:\Users\Aluno\Desktop\QTS\OO_NODE_JS\model\Conta.js">
      <metrics statements="17" coveredstatements="14" conditionals="12" coveredconditionals="8" methods="5" coveredmethods="5"/>
      <line num="3" count="12" type="stmt"/>
      <line num="4" count="12" type="stmt"/>
      <line num="5" count="12" type="stmt"/>
      <line num="6" count="12" type="stmt"/>
      <line num="10" count="17" type="stmt"/>
      <line num="18" count="7" type="cond" truecount="1" falsecount="1"/>
      <line num="19" count="0" type="stmt"/>
      <line num="21" count="7" type="stmt"/>
      <line num="25" count="3" type="cond" truecount="1" falsecount="1"/>
      <line num="26" count="0" type="stmt"/>
      <line num="28" count="3" type="cond" truecount="2" falsecount="0"/>
      <line num="29" count="1" type="stmt"/>
      <line num="31" count="2" type="stmt"/>
      <line num="35" count="2" type="cond" truecount="1" falsecount="1"/>
      <line num="36" count="0" type="stmt"/>
      <line num="38" count="2" type="stmt"/>
      <line num="42" count="3" type="stmt"/>
    </file>
    <file name="ContaCorrente.js" path="C:\Users\Aluno\Desktop\QTS\OO_NODE_JS\model\ContaCorrente.js">
      <metrics statements="9" coveredstatements="8" conditionals="4" coveredconditionals="3" methods="1" coveredmethods="1"/>
      <line num="1" count="1" type="stmt"/>
      <line num="5" count="2" type="stmt"/>
      <line num="6" count="2" type="cond" truecount="1" falsecount="1"/>
      <line num="7" count="0" type="stmt"/>
      <line num="9" count="2" type="stmt"/>
      <line num="10" count="2" type="cond" truecount="2" falsecount="0"/>
      <line num="11" count="1" type="stmt"/>
      <line num="13" count="1" type="stmt"/>
      <line num="17" count="1" type="stmt"/>
    </file>
    <file name="ContaPoupanca.js" path="C:\Users\Aluno\Desktop\QTS\OO_NODE_JS\model\ContaPoupanca.js">
      <metrics statements="2" coveredstatements="2" conditionals="0" coveredconditionals="0" methods="0" coveredmethods="0"/>
      <line num="1" count="1" type="stmt"/>
      <line num="6" count="1" type="stmt"/>
    </file>
    <file name="Titular.js" path="C:\Users\Aluno\Desktop\QTS\OO_NODE_JS\model\Titular.js">
      <metrics statements="4" coveredstatements="4" conditionals="0" coveredconditionals="0" methods="1" coveredmethods="1"/>
      <line num="2" count="1" type="stmt"/>
      <line num="6" count="1" type="stmt"/>
      <line num="7" count="20" type="stmt"/>
      <line num="19" count="1" type="stmt"/>
    </file>
  </project>
</coverage>
